MaterialMe-Starter/app/build/intermediates/manifest_merge_blame_file/debug/manifest-merger-blame-debug-report.txt
1<?xml version="1.0" encoding="utf-8"?>
2<manifest xmlns:android="http://schemas.android.com/apk/res/android"
3    package="com.ngamolsky.android.materialme"
4    android:versionCode="1"
5    android:versionName="1.0" >
6
7    <uses-sdk
8        android:minSdkVersion="21"
8-->src\main\AndroidManifest.xml
9        android:targetSdkVersion="32" />
9-->src\main\AndroidManifest.xml
10
11    <application
11-->src\main\AndroidManifest.xml:4:5-26:19
12        android:allowBackup="true"
12-->src\main\AndroidManifest.xml:5:9-35
13        android:appComponentFactory="android.support.v4.app.CoreComponentFactory"
13-->[com.android.support:support-compat:28.0.0] AndroidManifest.xml:22:18-91
14        android:debuggable="true"
15        android:icon="@mipmap/ic_launcher"
15-->src\main\AndroidManifest.xml:6:9-43
16        android:label="@string/app_name"
16-->src\main\AndroidManifest.xml:7:9-41
17        android:supportsRtl="true"
17-->src\main\AndroidManifest.xml:8:9-35
18        android:testOnly="true"
19        android:theme="@style/Theme.AppCompat.Light" >
19-->src\main\AndroidManifest.xml:9:9-53
20        <activity
20-->src\main\AndroidManifest.xml:10:9-16:20
21            android:name="com.example.android.materialme.DetailActivity"
21-->src\main\AndroidManifest.xml:11:13-43
22            android:exported="false" >
22-->src\main\AndroidManifest.xml:12:13-37
23            <meta-data
23-->src\main\AndroidManifest.xml:13:13-15:36
24                android:name="android.app.lib_name"
24-->src\main\AndroidManifest.xml:14:17-52
25                android:value="" />
25-->src\main\AndroidManifest.xml:15:17-33
26        </activity>
27        <activity
27-->src\main\AndroidManifest.xml:17:9-25:20
28            android:name="com.example.android.materialme.MainActivity"
28-->src\main\AndroidManifest.xml:18:13-41
29            android:exported="true" >
29-->src\main\AndroidManifest.xml:19:13-36
30            <intent-filter>
30-->src\main\AndroidManifest.xml:20:13-24:29
31                <action android:name="android.intent.action.MAIN" />
31-->src\main\AndroidManifest.xml:21:17-69
31-->src\main\AndroidManifest.xml:21:25-66
32
33                <category android:name="android.intent.category.LAUNCHER" />
33-->src\main\AndroidManifest.xml:23:17-77
33-->src\main\AndroidManifest.xml:23:27-74
34            </intent-filter>
35        </activity>
36    </application>
37
38</manifest>